<?xml version="1.0" encoding="UTF-8"?>
<testng-results ignored="0" total="1" passed="1" failed="0" skipped="0">
  <reporter-output>
  </reporter-output>
  <suite started-at="2023-02-22T13:01:36 IST" name="Default suite" finished-at="2023-02-22T13:01:37 IST" duration-ms="1117">
    <groups>
    </groups>
    <test started-at="2023-02-22T13:01:36 IST" name="Default test" finished-at="2023-02-22T13:01:37 IST" duration-ms="1117">
      <class name="keywordLogin.LoginTest">
        <test-method signature="loginTest()[pri:0, instance:keywordLogin.LoginTest@2e55dd0c]" started-at="2023-02-22T13:01:36 IST" name="loginTest" finished-at="2023-02-22T13:01:37 IST" duration-ms="1035" status="PASS">
          <reporter-output>
          </reporter-output>
        </test-method> <!-- loginTest -->
      </class> <!-- keywordLogin.LoginTest -->
    </test> <!-- Default test -->
  </suite> <!-- Default suite -->
</testng-results>
